{
  "/home/morgan/htrflow-batch/.claude/worktrees/agent-a2ff4daf17dab8885/frontend/src/lib/config.ts": {
    "path": "/home/morgan/htrflow-batch/.claude/worktrees/agent-a2ff4daf17dab8885/frontend/src/lib/config.ts",
    "all": false,
    "statementMap": {
      "12": {
        "start": { "line": 13, "column": 0 },
        "end": { "line": 13, "column": 66 }
      },
      "15": {
        "start": { "line": 16, "column": 0 },
        "end": { "line": 16, "column": 77 }
      },
      "16": {
        "start": { "line": 17, "column": 0 },
        "end": { "line": 17, "column": 59 }
      },
      "17": {
        "start": { "line": 18, "column": 0 },
        "end": { "line": 18, "column": 26 }
      },
      "18": {
        "start": { "line": 19, "column": 0 },
        "end": { "line": 19, "column": 53 }
      },
      "19": {
        "start": { "line": 20, "column": 0 },
        "end": { "line": 20, "column": 1 }
      },
      "21": {
        "start": { "line": 22, "column": 0 },
        "end": { "line": 22, "column": 33 }
      },
      "22": {
        "start": { "line": 23, "column": 0 },
        "end": { "line": 23, "column": 24 }
      },
      "23": {
        "start": { "line": 24, "column": 0 },
        "end": { "line": 24, "column": 58 }
      },
      "26": {
        "start": { "line": 27, "column": 0 },
        "end": { "line": 27, "column": 33 }
      },
      "27": {
        "start": { "line": 28, "column": 0 },
        "end": { "line": 28, "column": 74 }
      },
      "28": {
        "start": { "line": 29, "column": 0 },
        "end": { "line": 29, "column": 15 }
      },
      "29": {
        "start": { "line": 30, "column": 0 },
        "end": { "line": 30, "column": 13 }
      },
      "30": {
        "start": { "line": 31, "column": 0 },
        "end": { "line": 31, "column": 11 }
      },
      "31": {
        "start": { "line": 32, "column": 0 },
        "end": { "line": 32, "column": 35 }
      },
      "32": {
        "start": { "line": 33, "column": 0 },
        "end": { "line": 33, "column": 56 }
      },
      "33": {
        "start": { "line": 34, "column": 0 },
        "end": { "line": 34, "column": 14 }
      },
      "34": {
        "start": { "line": 35, "column": 0 },
        "end": { "line": 35, "column": 25 }
      },
      "35": {
        "start": { "line": 36, "column": 0 },
        "end": { "line": 36, "column": 1 }
      },
      "38": {
        "start": { "line": 39, "column": 0 },
        "end": { "line": 39, "column": 60 }
      },
      "41": {
        "start": { "line": 42, "column": 0 },
        "end": { "line": 42, "column": 56 }
      },
      "44": {
        "start": { "line": 45, "column": 0 },
        "end": { "line": 45, "column": 36 }
      }
    },
    "s": {
      "12": 1,
      "15": 1,
      "16": 13,
      "17": 5,
      "18": 13,
      "19": 13,
      "21": 1,
      "22": 1,
      "23": 1,
      "26": 1,
      "27": 7,
      "28": 0,
      "29": 4,
      "30": 7,
      "31": 7,
      "32": 7,
      "33": 2,
      "34": 5,
      "35": 7,
      "38": 1,
      "41": 1,
      "44": 1
    },
    "branchMap": {
      "0": {
        "type": "branch",
        "line": 16,
        "loc": {
          "start": { "line": 16, "column": 7 },
          "end": { "line": 20, "column": 1 }
        },
        "locations": [
          {
            "start": { "line": 16, "column": 7 },
            "end": { "line": 20, "column": 1 }
          }
        ]
      },
      "1": {
        "type": "branch",
        "line": 17,
        "loc": {
          "start": { "line": 17, "column": 16 },
          "end": { "line": 17, "column": 43 }
        },
        "locations": [
          {
            "start": { "line": 17, "column": 16 },
            "end": { "line": 17, "column": 43 }
          }
        ]
      },
      "2": {
        "type": "branch",
        "line": 17,
        "loc": {
          "start": { "line": 17, "column": 43 },
          "end": { "line": 17, "column": 59 }
        },
        "locations": [
          {
            "start": { "line": 17, "column": 43 },
            "end": { "line": 17, "column": 59 }
          }
        ]
      },
      "3": {
        "type": "branch",
        "line": 17,
        "loc": {
          "start": { "line": 17, "column": 50 },
          "end": { "line": 19, "column": 40 }
        },
        "locations": [
          {
            "start": { "line": 17, "column": 50 },
            "end": { "line": 19, "column": 40 }
          }
        ]
      },
      "4": {
        "type": "branch",
        "line": 17,
        "loc": {
          "start": { "line": 17, "column": 50 },
          "end": { "line": 19, "column": 32 }
        },
        "locations": [
          {
            "start": { "line": 17, "column": 50 },
            "end": { "line": 19, "column": 32 }
          }
        ]
      },
      "5": {
        "type": "branch",
        "line": 19,
        "loc": {
          "start": { "line": 19, "column": 27 },
          "end": { "line": 19, "column": 40 }
        },
        "locations": [
          {
            "start": { "line": 19, "column": 27 },
            "end": { "line": 19, "column": 40 }
          }
        ]
      },
      "6": {
        "type": "branch",
        "line": 19,
        "loc": {
          "start": { "line": 19, "column": 36 },
          "end": { "line": 19, "column": 44 }
        },
        "locations": [
          {
            "start": { "line": 19, "column": 36 },
            "end": { "line": 19, "column": 44 }
          }
        ]
      },
      "7": {
        "type": "branch",
        "line": 19,
        "loc": {
          "start": { "line": 19, "column": 40 },
          "end": { "line": 19, "column": 53 }
        },
        "locations": [
          {
            "start": { "line": 19, "column": 40 },
            "end": { "line": 19, "column": 53 }
          }
        ]
      },
      "8": {
        "type": "branch",
        "line": 27,
        "loc": {
          "start": { "line": 27, "column": 7 },
          "end": { "line": 36, "column": 1 }
        },
        "locations": [
          {
            "start": { "line": 27, "column": 7 },
            "end": { "line": 36, "column": 1 }
          }
        ]
      },
      "9": {
        "type": "branch",
        "line": 28,
        "loc": {
          "start": { "line": 28, "column": 63 },
          "end": { "line": 29, "column": 15 }
        },
        "locations": [
          {
            "start": { "line": 28, "column": 63 },
            "end": { "line": 29, "column": 15 }
          }
        ]
      },
      "10": {
        "type": "branch",
        "line": 29,
        "loc": {
          "start": { "line": 29, "column": 6 },
          "end": { "line": 30, "column": 13 }
        },
        "locations": [
          {
            "start": { "line": 29, "column": 6 },
            "end": { "line": 30, "column": 13 }
          }
        ]
      },
      "11": {
        "type": "branch",
        "line": 33,
        "loc": {
          "start": { "line": 33, "column": 29 },
          "end": { "line": 33, "column": 56 }
        },
        "locations": [
          {
            "start": { "line": 33, "column": 29 },
            "end": { "line": 33, "column": 56 }
          }
        ]
      },
      "12": {
        "type": "branch",
        "line": 33,
        "loc": {
          "start": { "line": 33, "column": 54 },
          "end": { "line": 34, "column": 14 }
        },
        "locations": [
          {
            "start": { "line": 33, "column": 54 },
            "end": { "line": 34, "column": 14 }
          }
        ]
      },
      "13": {
        "type": "branch",
        "line": 34,
        "loc": {
          "start": { "line": 34, "column": 6 },
          "end": { "line": 35, "column": 25 }
        },
        "locations": [
          {
            "start": { "line": 34, "column": 6 },
            "end": { "line": 35, "column": 25 }
          }
        ]
      }
    },
    "b": {
      "0": [13],
      "1": [6],
      "2": [8],
      "3": [9],
      "4": [5],
      "5": [3],
      "6": [1],
      "7": [4],
      "8": [7],
      "9": [0],
      "10": [4],
      "11": [3],
      "12": [2],
      "13": [5]
    },
    "fnMap": {
      "0": {
        "name": "envInt",
        "decl": {
          "start": { "line": 16, "column": 7 },
          "end": { "line": 20, "column": 1 }
        },
        "loc": {
          "start": { "line": 16, "column": 7 },
          "end": { "line": 20, "column": 1 }
        },
        "line": 16
      },
      "1": {
        "name": "resolveStatusUrl",
        "decl": {
          "start": { "line": 27, "column": 7 },
          "end": { "line": 36, "column": 1 }
        },
        "loc": {
          "start": { "line": 27, "column": 7 },
          "end": { "line": 36, "column": 1 }
        },
        "line": 27
      }
    },
    "f": { "0": 13, "1": 7 }
  },
  "/home/morgan/htrflow-batch/.claude/worktrees/agent-a2ff4daf17dab8885/frontend/src/lib/derive.ts": {
    "path": "/home/morgan/htrflow-batch/.claude/worktrees/agent-a2ff4daf17dab8885/frontend/src/lib/derive.ts",
    "all": false,
    "statementMap": {
      "4": {
        "start": { "line": 5, "column": 0 },
        "end": { "line": 5, "column": 22 }
      },
      "11": {
        "start": { "line": 12, "column": 0 },
        "end": { "line": 12, "column": 51 }
      },
      "12": {
        "start": { "line": 13, "column": 0 },
        "end": { "line": 13, "column": 49 }
      },
      "13": {
        "start": { "line": 14, "column": 0 },
        "end": { "line": 14, "column": 7 }
      },
      "14": {
        "start": { "line": 15, "column": 0 },
        "end": { "line": 15, "column": 19 }
      },
      "15": {
        "start": { "line": 16, "column": 0 },
        "end": { "line": 16, "column": 16 }
      },
      "16": {
        "start": { "line": 17, "column": 0 },
        "end": { "line": 17, "column": 11 }
      },
      "17": {
        "start": { "line": 18, "column": 0 },
        "end": { "line": 18, "column": 17 }
      },
      "18": {
        "start": { "line": 19, "column": 0 },
        "end": { "line": 19, "column": 3 }
      },
      "19": {
        "start": { "line": 20, "column": 0 },
        "end": { "line": 20, "column": 1 }
      },
      "22": {
        "start": { "line": 23, "column": 0 },
        "end": { "line": 23, "column": 64 }
      },
      "23": {
        "start": { "line": 24, "column": 0 },
        "end": { "line": 24, "column": 18 }
      },
      "24": {
        "start": { "line": 25, "column": 0 },
        "end": { "line": 25, "column": 63 }
      },
      "25": {
        "start": { "line": 26, "column": 0 },
        "end": { "line": 26, "column": 30 }
      },
      "26": {
        "start": { "line": 27, "column": 0 },
        "end": { "line": 27, "column": 31 }
      },
      "27": {
        "start": { "line": 28, "column": 0 },
        "end": { "line": 28, "column": 68 }
      },
      "28": {
        "start": { "line": 29, "column": 0 },
        "end": { "line": 29, "column": 1 }
      },
      "37": {
        "start": { "line": 38, "column": 0 },
        "end": { "line": 38, "column": 69 }
      },
      "38": {
        "start": { "line": 39, "column": 0 },
        "end": { "line": 39, "column": 20 }
      },
      "39": {
        "start": { "line": 40, "column": 0 },
        "end": { "line": 40, "column": 16 }
      },
      "40": {
        "start": { "line": 41, "column": 0 },
        "end": { "line": 41, "column": 16 }
      },
      "41": {
        "start": { "line": 42, "column": 0 },
        "end": { "line": 42, "column": 3 }
      },
      "42": {
        "start": { "line": 43, "column": 0 },
        "end": { "line": 43, "column": 69 }
      },
      "43": {
        "start": { "line": 44, "column": 0 },
        "end": { "line": 44, "column": 12 }
      },
      "44": {
        "start": { "line": 45, "column": 0 },
        "end": { "line": 45, "column": 11 }
      },
      "45": {
        "start": { "line": 46, "column": 0 },
        "end": { "line": 46, "column": 10 }
      },
      "46": {
        "start": { "line": 47, "column": 0 },
        "end": { "line": 47, "column": 13 }
      },
      "47": {
        "start": { "line": 48, "column": 0 },
        "end": { "line": 48, "column": 3 }
      },
      "49": {
        "start": { "line": 50, "column": 0 },
        "end": { "line": 50, "column": 31 }
      },
      "50": {
        "start": { "line": 51, "column": 0 },
        "end": { "line": 51, "column": 56 }
      },
      "51": {
        "start": { "line": 52, "column": 0 },
        "end": { "line": 52, "column": 19 }
      },
      "52": {
        "start": { "line": 53, "column": 0 },
        "end": { "line": 53, "column": 48 }
      },
      "53": {
        "start": { "line": 54, "column": 0 },
        "end": { "line": 54, "column": 68 }
      },
      "54": {
        "start": { "line": 55, "column": 0 },
        "end": { "line": 55, "column": 68 }
      },
      "55": {
        "start": { "line": 56, "column": 0 },
        "end": { "line": 56, "column": 80 }
      },
      "56": {
        "start": { "line": 57, "column": 0 },
        "end": { "line": 57, "column": 16 }
      },
      "57": {
        "start": { "line": 58, "column": 0 },
        "end": { "line": 58, "column": 1 }
      },
      "59": {
        "start": { "line": 60, "column": 0 },
        "end": { "line": 60, "column": 24 }
      },
      "60": {
        "start": { "line": 61, "column": 0 },
        "end": { "line": 61, "column": 22 }
      },
      "61": {
        "start": { "line": 62, "column": 0 },
        "end": { "line": 62, "column": 22 }
      },
      "62": {
        "start": { "line": 63, "column": 0 },
        "end": { "line": 63, "column": 25 }
      },
      "63": {
        "start": { "line": 64, "column": 0 },
        "end": { "line": 64, "column": 12 }
      },
      "64": {
        "start": { "line": 65, "column": 0 },
        "end": { "line": 65, "column": 78 }
      },
      "65": {
        "start": { "line": 66, "column": 0 },
        "end": { "line": 66, "column": 48 }
      },
      "66": {
        "start": { "line": 67, "column": 0 },
        "end": { "line": 67, "column": 1 }
      },
      "72": {
        "start": { "line": 73, "column": 0 },
        "end": { "line": 73, "column": 36 }
      },
      "75": {
        "start": { "line": 76, "column": 0 },
        "end": { "line": 76, "column": 19 }
      },
      "76": {
        "start": { "line": 77, "column": 0 },
        "end": { "line": 77, "column": 47 }
      },
      "77": {
        "start": { "line": 78, "column": 0 },
        "end": { "line": 78, "column": 65 }
      },
      "78": {
        "start": { "line": 79, "column": 0 },
        "end": { "line": 79, "column": 1 }
      },
      "81": {
        "start": { "line": 82, "column": 0 },
        "end": { "line": 82, "column": 26 }
      },
      "82": {
        "start": { "line": 83, "column": 0 },
        "end": { "line": 83, "column": 21 }
      },
      "83": {
        "start": { "line": 84, "column": 0 },
        "end": { "line": 84, "column": 20 }
      },
      "84": {
        "start": { "line": 85, "column": 0 },
        "end": { "line": 85, "column": 18 }
      },
      "85": {
        "start": { "line": 86, "column": 0 },
        "end": { "line": 86, "column": 32 }
      },
      "86": {
        "start": { "line": 87, "column": 0 },
        "end": { "line": 87, "column": 26 }
      },
      "87": {
        "start": { "line": 88, "column": 0 },
        "end": { "line": 88, "column": 45 }
      },
      "88": {
        "start": { "line": 89, "column": 0 },
        "end": { "line": 89, "column": 36 }
      },
      "89": {
        "start": { "line": 90, "column": 0 },
        "end": { "line": 90, "column": 19 }
      },
      "90": {
        "start": { "line": 91, "column": 0 },
        "end": { "line": 91, "column": 19 }
      },
      "91": {
        "start": { "line": 92, "column": 0 },
        "end": { "line": 92, "column": 20 }
      },
      "92": {
        "start": { "line": 93, "column": 0 },
        "end": { "line": 93, "column": 22 }
      },
      "93": {
        "start": { "line": 94, "column": 0 },
        "end": { "line": 94, "column": 13 }
      },
      "94": {
        "start": { "line": 95, "column": 0 },
        "end": { "line": 95, "column": 5 }
      },
      "95": {
        "start": { "line": 96, "column": 0 },
        "end": { "line": 96, "column": 1 }
      },
      "102": {
        "start": { "line": 103, "column": 0 },
        "end": { "line": 103, "column": 78 }
      },
      "103": {
        "start": { "line": 104, "column": 0 },
        "end": { "line": 104, "column": 36 }
      },
      "104": {
        "start": { "line": 105, "column": 0 },
        "end": { "line": 105, "column": 29 }
      },
      "105": {
        "start": { "line": 106, "column": 0 },
        "end": { "line": 106, "column": 36 }
      },
      "106": {
        "start": { "line": 107, "column": 0 },
        "end": { "line": 107, "column": 60 }
      },
      "107": {
        "start": { "line": 108, "column": 0 },
        "end": { "line": 108, "column": 37 }
      },
      "108": {
        "start": { "line": 109, "column": 0 },
        "end": { "line": 109, "column": 47 }
      },
      "109": {
        "start": { "line": 110, "column": 0 },
        "end": { "line": 110, "column": 40 }
      },
      "110": {
        "start": { "line": 111, "column": 0 },
        "end": { "line": 111, "column": 53 }
      },
      "111": {
        "start": { "line": 112, "column": 0 },
        "end": { "line": 112, "column": 38 }
      },
      "112": {
        "start": { "line": 113, "column": 0 },
        "end": { "line": 113, "column": 49 }
      },
      "113": {
        "start": { "line": 114, "column": 0 },
        "end": { "line": 114, "column": 78 }
      },
      "114": {
        "start": { "line": 115, "column": 0 },
        "end": { "line": 115, "column": 53 }
      },
      "115": {
        "start": { "line": 116, "column": 0 },
        "end": { "line": 116, "column": 1 }
      }
    },
    "s": {
      "4": 1,
      "11": 1,
      "12": 75,
      "13": 60,
      "14": 60,
      "15": 60,
      "16": 75,
      "17": 0,
      "18": 0,
      "19": 75,
      "22": 1,
      "23": 13,
      "24": 13,
      "25": 8,
      "26": 5,
      "27": 13,
      "28": 13,
      "37": 1,
      "38": 1,
      "39": 1,
      "40": 1,
      "41": 1,
      "42": 1,
      "43": 1,
      "44": 1,
      "45": 1,
      "46": 1,
      "47": 1,
      "49": 1,
      "50": 18,
      "51": 18,
      "52": 18,
      "53": 18,
      "54": 18,
      "55": 18,
      "56": 8,
      "57": 8,
      "59": 1,
      "60": 4,
      "61": 4,
      "62": 4,
      "63": 4,
      "64": 4,
      "65": 4,
      "66": 4,
      "72": 1,
      "75": 14,
      "76": 14,
      "77": 14,
      "78": 14,
      "81": 1,
      "82": 26,
      "83": 26,
      "84": 26,
      "85": 26,
      "86": 25,
      "87": 26,
      "88": 24,
      "89": 24,
      "90": 24,
      "91": 24,
      "92": 24,
      "93": 24,
      "94": 24,
      "95": 24,
      "102": 1,
      "103": 6,
      "104": 4,
      "105": 4,
      "106": 5,
      "107": 4,
      "108": 5,
      "109": 4,
      "110": 5,
      "111": 4,
      "112": 5,
      "113": 5,
      "114": 6,
      "115": 6
    },
    "branchMap": {
      "0": {
        "type": "branch",
        "line": 12,
        "loc": {
          "start": { "line": 12, "column": 7 },
          "end": { "line": 20, "column": 1 }
        },
        "locations": [
          {
            "start": { "line": 12, "column": 7 },
            "end": { "line": 20, "column": 1 }
          }
        ]
      },
      "1": {
        "type": "branch",
        "line": 13,
        "loc": {
          "start": { "line": 13, "column": 36 },
          "end": { "line": 17, "column": 10 }
        },
        "locations": [
          {
            "start": { "line": 13, "column": 36 },
            "end": { "line": 17, "column": 10 }
          }
        ]
      },
      "2": {
        "type": "branch",
        "line": 13,
        "loc": {
          "start": { "line": 13, "column": 36 },
          "end": { "line": 13, "column": 49 }
        },
        "locations": [
          {
            "start": { "line": 13, "column": 36 },
            "end": { "line": 13, "column": 49 }
          }
        ]
      },
      "3": {
        "type": "branch",
        "line": 13,
        "loc": {
          "start": { "line": 13, "column": 43 },
          "end": { "line": 17, "column": 10 }
        },
        "locations": [
          {
            "start": { "line": 13, "column": 43 },
            "end": { "line": 17, "column": 10 }
          }
        ]
      },
      "4": {
        "type": "branch",
        "line": 17,
        "loc": {
          "start": { "line": 17, "column": 2 },
          "end": { "line": 19, "column": 3 }
        },
        "locations": [
          {
            "start": { "line": 17, "column": 2 },
            "end": { "line": 19, "column": 3 }
          }
        ]
      },
      "5": {
        "type": "branch",
        "line": 23,
        "loc": {
          "start": { "line": 23, "column": 7 },
          "end": { "line": 29, "column": 1 }
        },
        "locations": [
          {
            "start": { "line": 23, "column": 7 },
            "end": { "line": 29, "column": 1 }
          }
        ]
      },
      "6": {
        "type": "branch",
        "line": 25,
        "loc": {
          "start": { "line": 25, "column": 22 },
          "end": { "line": 25, "column": 63 }
        },
        "locations": [
          {
            "start": { "line": 25, "column": 22 },
            "end": { "line": 25, "column": 63 }
          }
        ]
      },
      "7": {
        "type": "branch",
        "line": 25,
        "loc": {
          "start": { "line": 25, "column": 59 },
          "end": { "line": 26, "column": 30 }
        },
        "locations": [
          {
            "start": { "line": 25, "column": 59 },
            "end": { "line": 26, "column": 30 }
          }
        ]
      },
      "8": {
        "type": "branch",
        "line": 26,
        "loc": {
          "start": { "line": 26, "column": 15 },
          "end": { "line": 27, "column": 31 }
        },
        "locations": [
          {
            "start": { "line": 26, "column": 15 },
            "end": { "line": 27, "column": 31 }
          }
        ]
      },
      "9": {
        "type": "branch",
        "line": 28,
        "loc": {
          "start": { "line": 28, "column": 22 },
          "end": { "line": 28, "column": 36 }
        },
        "locations": [
          {
            "start": { "line": 28, "column": 22 },
            "end": { "line": 28, "column": 36 }
          }
        ]
      },
      "10": {
        "type": "branch",
        "line": 28,
        "loc": {
          "start": { "line": 28, "column": 29 },
          "end": { "line": 28, "column": 68 }
        },
        "locations": [
          {
            "start": { "line": 28, "column": 29 },
            "end": { "line": 28, "column": 68 }
          }
        ]
      },
      "11": {
        "type": "branch",
        "line": 50,
        "loc": {
          "start": { "line": 50, "column": 7 },
          "end": { "line": 58, "column": 1 }
        },
        "locations": [
          {
            "start": { "line": 50, "column": 7 },
            "end": { "line": 58, "column": 1 }
          }
        ]
      },
      "12": {
        "type": "branch",
        "line": 54,
        "loc": {
          "start": { "line": 54, "column": 52 },
          "end": { "line": 54, "column": 68 }
        },
        "locations": [
          {
            "start": { "line": 54, "column": 52 },
            "end": { "line": 54, "column": 68 }
          }
        ]
      },
      "13": {
        "type": "branch",
        "line": 54,
        "loc": {
          "start": { "line": 54, "column": 59 },
          "end": { "line": 55, "column": 59 }
        },
        "locations": [
          {
            "start": { "line": 54, "column": 59 },
            "end": { "line": 55, "column": 59 }
          }
        ]
      },
      "14": {
        "type": "branch",
        "line": 55,
        "loc": {
          "start": { "line": 55, "column": 52 },
          "end": { "line": 55, "column": 68 }
        },
        "locations": [
          {
            "start": { "line": 55, "column": 52 },
            "end": { "line": 55, "column": 68 }
          }
        ]
      },
      "15": {
        "type": "branch",
        "line": 55,
        "loc": {
          "start": { "line": 55, "column": 59 },
          "end": { "line": 56, "column": 66 }
        },
        "locations": [
          {
            "start": { "line": 55, "column": 59 },
            "end": { "line": 56, "column": 66 }
          }
        ]
      },
      "16": {
        "type": "branch",
        "line": 55,
        "loc": {
          "start": { "line": 55, "column": 59 },
          "end": { "line": 56, "column": 29 }
        },
        "locations": [
          {
            "start": { "line": 55, "column": 59 },
            "end": { "line": 56, "column": 29 }
          }
        ]
      },
      "17": {
        "type": "branch",
        "line": 56,
        "loc": {
          "start": { "line": 56, "column": 24 },
          "end": { "line": 56, "column": 66 }
        },
        "locations": [
          {
            "start": { "line": 56, "column": 24 },
            "end": { "line": 56, "column": 66 }
          }
        ]
      },
      "18": {
        "type": "branch",
        "line": 56,
        "loc": {
          "start": { "line": 56, "column": 66 },
          "end": { "line": 58, "column": 1 }
        },
        "locations": [
          {
            "start": { "line": 56, "column": 66 },
            "end": { "line": 58, "column": 1 }
          }
        ]
      },
      "19": {
        "type": "branch",
        "line": 56,
        "loc": {
          "start": { "line": 56, "column": 66 },
          "end": { "line": 56, "column": 80 }
        },
        "locations": [
          {
            "start": { "line": 56, "column": 66 },
            "end": { "line": 56, "column": 80 }
          }
        ]
      },
      "20": {
        "type": "branch",
        "line": 56,
        "loc": {
          "start": { "line": 56, "column": 73 },
          "end": { "line": 58, "column": 1 }
        },
        "locations": [
          {
            "start": { "line": 56, "column": 73 },
            "end": { "line": 58, "column": 1 }
          }
        ]
      },
      "21": {
        "type": "branch",
        "line": 53,
        "loc": {
          "start": { "line": 53, "column": 31 },
          "end": { "line": 53, "column": 46 }
        },
        "locations": [
          {
            "start": { "line": 53, "column": 31 },
            "end": { "line": 53, "column": 46 }
          }
        ]
      },
      "22": {
        "type": "branch",
        "line": 54,
        "loc": {
          "start": { "line": 54, "column": 20 },
          "end": { "line": 54, "column": 49 }
        },
        "locations": [
          {
            "start": { "line": 54, "column": 20 },
            "end": { "line": 54, "column": 49 }
          }
        ]
      },
      "23": {
        "type": "branch",
        "line": 55,
        "loc": {
          "start": { "line": 55, "column": 20 },
          "end": { "line": 55, "column": 49 }
        },
        "locations": [
          {
            "start": { "line": 55, "column": 20 },
            "end": { "line": 55, "column": 49 }
          }
        ]
      },
      "24": {
        "type": "branch",
        "line": 56,
        "loc": {
          "start": { "line": 56, "column": 44 },
          "end": { "line": 56, "column": 63 }
        },
        "locations": [
          {
            "start": { "line": 56, "column": 44 },
            "end": { "line": 56, "column": 63 }
          }
        ]
      },
      "25": {
        "type": "branch",
        "line": 60,
        "loc": {
          "start": { "line": 60, "column": 7 },
          "end": { "line": 67, "column": 1 }
        },
        "locations": [
          {
            "start": { "line": 60, "column": 7 },
            "end": { "line": 67, "column": 1 }
          }
        ]
      },
      "26": {
        "type": "branch",
        "line": 73,
        "loc": {
          "start": { "line": 73, "column": 7 },
          "end": { "line": 79, "column": 1 }
        },
        "locations": [
          {
            "start": { "line": 73, "column": 7 },
            "end": { "line": 79, "column": 1 }
          }
        ]
      },
      "27": {
        "type": "branch",
        "line": 77,
        "loc": {
          "start": { "line": 77, "column": 35 },
          "end": { "line": 77, "column": 47 }
        },
        "locations": [
          {
            "start": { "line": 77, "column": 35 },
            "end": { "line": 77, "column": 47 }
          }
        ]
      },
      "28": {
        "type": "branch",
        "line": 77,
        "loc": {
          "start": { "line": 77, "column": 42 },
          "end": { "line": 78, "column": 34 }
        },
        "locations": [
          {
            "start": { "line": 77, "column": 42 },
            "end": { "line": 78, "column": 34 }
          }
        ]
      },
      "29": {
        "type": "branch",
        "line": 77,
        "loc": {
          "start": { "line": 77, "column": 42 },
          "end": { "line": 78, "column": 33 }
        },
        "locations": [
          {
            "start": { "line": 77, "column": 42 },
            "end": { "line": 78, "column": 33 }
          }
        ]
      },
      "30": {
        "type": "branch",
        "line": 78,
        "loc": {
          "start": { "line": 78, "column": 19 },
          "end": { "line": 78, "column": 34 }
        },
        "locations": [
          {
            "start": { "line": 78, "column": 19 },
            "end": { "line": 78, "column": 34 }
          }
        ]
      },
      "31": {
        "type": "branch",
        "line": 82,
        "loc": {
          "start": { "line": 82, "column": 7 },
          "end": { "line": 96, "column": 1 }
        },
        "locations": [
          {
            "start": { "line": 82, "column": 7 },
            "end": { "line": 96, "column": 1 }
          }
        ]
      },
      "32": {
        "type": "branch",
        "line": 86,
        "loc": {
          "start": { "line": 86, "column": 20 },
          "end": { "line": 86, "column": 32 }
        },
        "locations": [
          {
            "start": { "line": 86, "column": 20 },
            "end": { "line": 86, "column": 32 }
          }
        ]
      },
      "33": {
        "type": "branch",
        "line": 86,
        "loc": {
          "start": { "line": 86, "column": 27 },
          "end": { "line": 88, "column": 40 }
        },
        "locations": [
          {
            "start": { "line": 86, "column": 27 },
            "end": { "line": 88, "column": 40 }
          }
        ]
      },
      "34": {
        "type": "branch",
        "line": 88,
        "loc": {
          "start": { "line": 88, "column": 33 },
          "end": { "line": 96, "column": 1 }
        },
        "locations": [
          {
            "start": { "line": 88, "column": 33 },
            "end": { "line": 96, "column": 1 }
          }
        ]
      },
      "35": {
        "type": "branch",
        "line": 88,
        "loc": {
          "start": { "line": 88, "column": 33 },
          "end": { "line": 88, "column": 45 }
        },
        "locations": [
          {
            "start": { "line": 88, "column": 33 },
            "end": { "line": 88, "column": 45 }
          }
        ]
      },
      "36": {
        "type": "branch",
        "line": 103,
        "loc": {
          "start": { "line": 103, "column": 7 },
          "end": { "line": 116, "column": 1 }
        },
        "locations": [
          {
            "start": { "line": 103, "column": 7 },
            "end": { "line": 116, "column": 1 }
          }
        ]
      },
      "37": {
        "type": "branch",
        "line": 104,
        "loc": {
          "start": { "line": 104, "column": 24 },
          "end": { "line": 115, "column": 48 }
        },
        "locations": [
          {
            "start": { "line": 104, "column": 24 },
            "end": { "line": 115, "column": 48 }
          }
        ]
      },
      "38": {
        "type": "branch",
        "line": 104,
        "loc": {
          "start": { "line": 104, "column": 24 },
          "end": { "line": 104, "column": 36 }
        },
        "locations": [
          {
            "start": { "line": 104, "column": 24 },
            "end": { "line": 104, "column": 36 }
          }
        ]
      },
      "39": {
        "type": "branch",
        "line": 104,
        "loc": {
          "start": { "line": 104, "column": 31 },
          "end": { "line": 107, "column": 10 }
        },
        "locations": [
          {
            "start": { "line": 104, "column": 31 },
            "end": { "line": 107, "column": 10 }
          }
        ]
      },
      "40": {
        "type": "branch",
        "line": 107,
        "loc": {
          "start": { "line": 107, "column": 4 },
          "end": { "line": 107, "column": 60 }
        },
        "locations": [
          {
            "start": { "line": 107, "column": 4 },
            "end": { "line": 107, "column": 60 }
          }
        ]
      },
      "41": {
        "type": "branch",
        "line": 107,
        "loc": {
          "start": { "line": 107, "column": 58 },
          "end": { "line": 109, "column": 10 }
        },
        "locations": [
          {
            "start": { "line": 107, "column": 58 },
            "end": { "line": 109, "column": 10 }
          }
        ]
      },
      "42": {
        "type": "branch",
        "line": 109,
        "loc": {
          "start": { "line": 109, "column": 4 },
          "end": { "line": 109, "column": 47 }
        },
        "locations": [
          {
            "start": { "line": 109, "column": 4 },
            "end": { "line": 109, "column": 47 }
          }
        ]
      },
      "43": {
        "type": "branch",
        "line": 109,
        "loc": {
          "start": { "line": 109, "column": 45 },
          "end": { "line": 111, "column": 10 }
        },
        "locations": [
          {
            "start": { "line": 109, "column": 45 },
            "end": { "line": 111, "column": 10 }
          }
        ]
      },
      "44": {
        "type": "branch",
        "line": 111,
        "loc": {
          "start": { "line": 111, "column": 4 },
          "end": { "line": 111, "column": 53 }
        },
        "locations": [
          {
            "start": { "line": 111, "column": 4 },
            "end": { "line": 111, "column": 53 }
          }
        ]
      },
      "45": {
        "type": "branch",
        "line": 111,
        "loc": {
          "start": { "line": 111, "column": 51 },
          "end": { "line": 113, "column": 10 }
        },
        "locations": [
          {
            "start": { "line": 111, "column": 51 },
            "end": { "line": 113, "column": 10 }
          }
        ]
      },
      "46": {
        "type": "branch",
        "line": 113,
        "loc": {
          "start": { "line": 113, "column": 4 },
          "end": { "line": 113, "column": 49 }
        },
        "locations": [
          {
            "start": { "line": 113, "column": 4 },
            "end": { "line": 113, "column": 49 }
          }
        ]
      },
      "47": {
        "type": "branch",
        "line": 113,
        "loc": {
          "start": { "line": 113, "column": 47 },
          "end": { "line": 114, "column": 43 }
        },
        "locations": [
          {
            "start": { "line": 113, "column": 47 },
            "end": { "line": 114, "column": 43 }
          }
        ]
      },
      "48": {
        "type": "branch",
        "line": 114,
        "loc": {
          "start": { "line": 114, "column": 37 },
          "end": { "line": 114, "column": 78 }
        },
        "locations": [
          {
            "start": { "line": 114, "column": 37 },
            "end": { "line": 114, "column": 78 }
          }
        ]
      },
      "49": {
        "type": "branch",
        "line": 114,
        "loc": {
          "start": { "line": 114, "column": 76 },
          "end": { "line": 115, "column": 28 }
        },
        "locations": [
          {
            "start": { "line": 114, "column": 76 },
            "end": { "line": 115, "column": 28 }
          }
        ]
      },
      "50": {
        "type": "branch",
        "line": 115,
        "loc": {
          "start": { "line": 115, "column": 24 },
          "end": { "line": 115, "column": 48 }
        },
        "locations": [
          {
            "start": { "line": 115, "column": 24 },
            "end": { "line": 115, "column": 48 }
          }
        ]
      },
      "51": {
        "type": "branch",
        "line": 115,
        "loc": {
          "start": { "line": 115, "column": 44 },
          "end": { "line": 115, "column": 53 }
        },
        "locations": [
          {
            "start": { "line": 115, "column": 44 },
            "end": { "line": 115, "column": 53 }
          }
        ]
      }
    },
    "b": {
      "0": [75],
      "1": [72],
      "2": [15],
      "3": [60],
      "4": [0],
      "5": [13],
      "6": [9],
      "7": [8],
      "8": [5],
      "9": [2],
      "10": [11],
      "11": [18],
      "12": [3],
      "13": [15],
      "14": [3],
      "15": [17],
      "16": [12],
      "17": [11],
      "18": [14],
      "19": [4],
      "20": [8],
      "21": [31],
      "22": [30],
      "23": [24],
      "24": [17],
      "25": [4],
      "26": [14],
      "27": [8],
      "28": [7],
      "29": [6],
      "30": [1],
      "31": [26],
      "32": [1],
      "33": [25],
      "34": [24],
      "35": [1],
      "36": [6],
      "37": [5],
      "38": [2],
      "39": [4],
      "40": [3],
      "41": [4],
      "42": [2],
      "43": [4],
      "44": [2],
      "45": [4],
      "46": [2],
      "47": [4],
      "48": [2],
      "49": [4],
      "50": [3],
      "51": [1]
    },
    "fnMap": {
      "0": {
        "name": "isHttpUrl",
        "decl": {
          "start": { "line": 12, "column": 7 },
          "end": { "line": 20, "column": 1 }
        },
        "loc": {
          "start": { "line": 12, "column": 7 },
          "end": { "line": 20, "column": 1 }
        },
        "line": 12
      },
      "1": {
        "name": "viewerHref",
        "decl": {
          "start": { "line": 23, "column": 7 },
          "end": { "line": 29, "column": 1 }
        },
        "loc": {
          "start": { "line": 23, "column": 7 },
          "end": { "line": 29, "column": 1 }
        },
        "line": 23
      },
      "2": {
        "name": "campaignHealth",
        "decl": {
          "start": { "line": 50, "column": 7 },
          "end": { "line": 58, "column": 1 }
        },
        "loc": {
          "start": { "line": 50, "column": 7 },
          "end": { "line": 58, "column": 1 }
        },
        "line": 50
      },
      "3": {
        "name": "isStale",
        "decl": {
          "start": { "line": 60, "column": 7 },
          "end": { "line": 67, "column": 1 }
        },
        "loc": {
          "start": { "line": 60, "column": 7 },
          "end": { "line": 67, "column": 1 }
        },
        "line": 60
      },
      "4": {
        "name": "pagesLabel",
        "decl": {
          "start": { "line": 73, "column": 7 },
          "end": { "line": 79, "column": 1 }
        },
        "loc": {
          "start": { "line": 73, "column": 7 },
          "end": { "line": 79, "column": 1 }
        },
        "line": 73
      },
      "5": {
        "name": "shortDate",
        "decl": {
          "start": { "line": 82, "column": 7 },
          "end": { "line": 96, "column": 1 }
        },
        "loc": {
          "start": { "line": 82, "column": 7 },
          "end": { "line": 96, "column": 1 }
        },
        "line": 82
      },
      "6": {
        "name": "tickSummaryLabel",
        "decl": {
          "start": { "line": 103, "column": 7 },
          "end": { "line": 116, "column": 1 }
        },
        "loc": {
          "start": { "line": 103, "column": 7 },
          "end": { "line": 116, "column": 1 }
        },
        "line": 103
      }
    },
    "f": { "0": 75, "1": 13, "2": 18, "3": 4, "4": 14, "5": 26, "6": 6 }
  },
  "/home/morgan/htrflow-batch/.claude/worktrees/agent-a2ff4daf17dab8885/frontend/src/lib/run.ts": {
    "path": "/home/morgan/htrflow-batch/.claude/worktrees/agent-a2ff4daf17dab8885/frontend/src/lib/run.ts",
    "all": false,
    "statementMap": {
      "0": {
        "start": { "line": 1, "column": 0 },
        "end": { "line": 1, "column": 74 }
      },
      "6": {
        "start": { "line": 7, "column": 0 },
        "end": { "line": 7, "column": 42 }
      },
      "9": {
        "start": { "line": 10, "column": 0 },
        "end": { "line": 10, "column": 21 }
      },
      "10": {
        "start": { "line": 11, "column": 0 },
        "end": { "line": 11, "column": 22 }
      },
      "11": {
        "start": { "line": 12, "column": 0 },
        "end": { "line": 12, "column": 31 }
      },
      "12": {
        "start": { "line": 13, "column": 0 },
        "end": { "line": 13, "column": 3 }
      },
      "14": {
        "start": { "line": 15, "column": 0 },
        "end": { "line": 15, "column": 34 }
      },
      "15": {
        "start": { "line": 16, "column": 0 },
        "end": { "line": 16, "column": 11 }
      },
      "16": {
        "start": { "line": 17, "column": 0 },
        "end": { "line": 17, "column": 23 }
      },
      "17": {
        "start": { "line": 18, "column": 0 },
        "end": { "line": 18, "column": 28 }
      },
      "18": {
        "start": { "line": 19, "column": 0 },
        "end": { "line": 19, "column": 32 }
      },
      "19": {
        "start": { "line": 20, "column": 0 },
        "end": { "line": 20, "column": 29 }
      },
      "20": {
        "start": { "line": 21, "column": 0 },
        "end": { "line": 21, "column": 22 }
      },
      "21": {
        "start": { "line": 22, "column": 0 },
        "end": { "line": 22, "column": 40 }
      },
      "22": {
        "start": { "line": 23, "column": 0 },
        "end": { "line": 23, "column": 41 }
      },
      "23": {
        "start": { "line": 24, "column": 0 },
        "end": { "line": 24, "column": 40 }
      },
      "24": {
        "start": { "line": 25, "column": 0 },
        "end": { "line": 25, "column": 41 }
      },
      "25": {
        "start": { "line": 26, "column": 0 },
        "end": { "line": 26, "column": 44 }
      },
      "28": {
        "start": { "line": 29, "column": 0 },
        "end": { "line": 29, "column": 50 }
      },
      "29": {
        "start": { "line": 30, "column": 0 },
        "end": { "line": 30, "column": 59 }
      },
      "30": {
        "start": { "line": 31, "column": 0 },
        "end": { "line": 31, "column": 4 }
      },
      "31": {
        "start": { "line": 32, "column": 0 },
        "end": { "line": 32, "column": 17 }
      },
      "59": {
        "start": { "line": 60, "column": 0 },
        "end": { "line": 60, "column": 27 }
      },
      "60": {
        "start": { "line": 61, "column": 0 },
        "end": { "line": 61, "column": 28 }
      },
      "61": {
        "start": { "line": 62, "column": 0 },
        "end": { "line": 62, "column": 12 }
      },
      "62": {
        "start": { "line": 63, "column": 0 },
        "end": { "line": 63, "column": 18 }
      },
      "63": {
        "start": { "line": 64, "column": 0 },
        "end": { "line": 64, "column": 39 }
      },
      "64": {
        "start": { "line": 65, "column": 0 },
        "end": { "line": 65, "column": 38 }
      },
      "65": {
        "start": { "line": 66, "column": 0 },
        "end": { "line": 66, "column": 29 }
      },
      "66": {
        "start": { "line": 67, "column": 0 },
        "end": { "line": 67, "column": 28 }
      },
      "67": {
        "start": { "line": 68, "column": 0 },
        "end": { "line": 68, "column": 33 }
      },
      "68": {
        "start": { "line": 69, "column": 0 },
        "end": { "line": 69, "column": 33 }
      },
      "69": {
        "start": { "line": 70, "column": 0 },
        "end": { "line": 70, "column": 34 }
      },
      "70": {
        "start": { "line": 71, "column": 0 },
        "end": { "line": 71, "column": 1 }
      },
      "72": {
        "start": { "line": 73, "column": 0 },
        "end": { "line": 73, "column": 26 }
      },
      "73": {
        "start": { "line": 74, "column": 0 },
        "end": { "line": 74, "column": 38 }
      },
      "74": {
        "start": { "line": 75, "column": 0 },
        "end": { "line": 75, "column": 39 }
      },
      "75": {
        "start": { "line": 76, "column": 0 },
        "end": { "line": 76, "column": 15 }
      },
      "76": {
        "start": { "line": 77, "column": 0 },
        "end": { "line": 77, "column": 32 }
      },
      "77": {
        "start": { "line": 78, "column": 0 },
        "end": { "line": 78, "column": 23 }
      },
      "78": {
        "start": { "line": 79, "column": 0 },
        "end": { "line": 79, "column": 33 }
      },
      "79": {
        "start": { "line": 80, "column": 0 },
        "end": { "line": 80, "column": 54 }
      },
      "80": {
        "start": { "line": 81, "column": 0 },
        "end": { "line": 81, "column": 30 }
      },
      "81": {
        "start": { "line": 82, "column": 0 },
        "end": { "line": 82, "column": 23 }
      },
      "82": {
        "start": { "line": 83, "column": 0 },
        "end": { "line": 83, "column": 6 }
      },
      "83": {
        "start": { "line": 84, "column": 0 },
        "end": { "line": 84, "column": 46 }
      },
      "84": {
        "start": { "line": 85, "column": 0 },
        "end": { "line": 85, "column": 1 }
      },
      "86": {
        "start": { "line": 87, "column": 0 },
        "end": { "line": 87, "column": 29 }
      },
      "87": {
        "start": { "line": 88, "column": 0 },
        "end": { "line": 88, "column": 38 }
      },
      "88": {
        "start": { "line": 89, "column": 0 },
        "end": { "line": 89, "column": 39 }
      },
      "89": {
        "start": { "line": 90, "column": 0 },
        "end": { "line": 90, "column": 15 }
      },
      "90": {
        "start": { "line": 91, "column": 0 },
        "end": { "line": 91, "column": 44 }
      },
      "91": {
        "start": { "line": 92, "column": 0 },
        "end": { "line": 92, "column": 60 }
      },
      "92": {
        "start": { "line": 93, "column": 0 },
        "end": { "line": 93, "column": 68 }
      },
      "93": {
        "start": { "line": 94, "column": 0 },
        "end": { "line": 94, "column": 79 }
      },
      "94": {
        "start": { "line": 95, "column": 0 },
        "end": { "line": 95, "column": 10 }
      },
      "95": {
        "start": { "line": 96, "column": 0 },
        "end": { "line": 96, "column": 24 }
      },
      "96": {
        "start": { "line": 97, "column": 0 },
        "end": { "line": 97, "column": 54 }
      },
      "97": {
        "start": { "line": 98, "column": 0 },
        "end": { "line": 98, "column": 62 }
      },
      "98": {
        "start": { "line": 99, "column": 0 },
        "end": { "line": 99, "column": 41 }
      },
      "99": {
        "start": { "line": 100, "column": 0 },
        "end": { "line": 100, "column": 63 }
      },
      "100": {
        "start": { "line": 101, "column": 0 },
        "end": { "line": 101, "column": 37 }
      },
      "101": {
        "start": { "line": 102, "column": 0 },
        "end": { "line": 102, "column": 35 }
      },
      "102": {
        "start": { "line": 103, "column": 0 },
        "end": { "line": 103, "column": 77 }
      },
      "103": {
        "start": { "line": 104, "column": 0 },
        "end": { "line": 104, "column": 12 }
      },
      "104": {
        "start": { "line": 105, "column": 0 },
        "end": { "line": 105, "column": 60 }
      },
      "105": {
        "start": { "line": 106, "column": 0 },
        "end": { "line": 106, "column": 4 }
      },
      "106": {
        "start": { "line": 107, "column": 0 },
        "end": { "line": 107, "column": 1 }
      },
      "109": {
        "start": { "line": 110, "column": 0 },
        "end": { "line": 110, "column": 57 }
      },
      "110": {
        "start": { "line": 111, "column": 0 },
        "end": { "line": 111, "column": 53 }
      },
      "111": {
        "start": { "line": 112, "column": 0 },
        "end": { "line": 112, "column": 36 }
      },
      "112": {
        "start": { "line": 113, "column": 0 },
        "end": { "line": 113, "column": 37 }
      },
      "113": {
        "start": { "line": 114, "column": 0 },
        "end": { "line": 114, "column": 44 }
      },
      "114": {
        "start": { "line": 115, "column": 0 },
        "end": { "line": 115, "column": 23 }
      },
      "115": {
        "start": { "line": 116, "column": 0 },
        "end": { "line": 116, "column": 62 }
      },
      "116": {
        "start": { "line": 117, "column": 0 },
        "end": { "line": 117, "column": 1 }
      },
      "123": {
        "start": { "line": 124, "column": 0 },
        "end": { "line": 124, "column": 61 }
      },
      "124": {
        "start": { "line": 125, "column": 0 },
        "end": { "line": 125, "column": 65 }
      },
      "125": {
        "start": { "line": 126, "column": 0 },
        "end": { "line": 126, "column": 1 }
      }
    },
    "s": {
      "0": 1,
      "6": 1,
      "9": 1,
      "10": 1,
      "11": 1,
      "12": 1,
      "14": 1,
      "15": 1,
      "16": 1,
      "17": 1,
      "18": 1,
      "19": 1,
      "20": 1,
      "21": 1,
      "22": 1,
      "23": 1,
      "24": 1,
      "25": 1,
      "28": 1,
      "29": 1,
      "30": 1,
      "31": 1,
      "59": 1,
      "60": 26,
      "61": 26,
      "62": 26,
      "63": 26,
      "64": 23,
      "65": 23,
      "66": 23,
      "67": 23,
      "68": 23,
      "69": 23,
      "70": 23,
      "72": 1,
      "73": 18,
      "74": 18,
      "75": 18,
      "76": 18,
      "77": 18,
      "78": 556,
      "79": 556,
      "80": 6,
      "81": 550,
      "82": 18,
      "83": 18,
      "84": 18,
      "86": 1,
      "87": 11,
      "88": 11,
      "89": 11,
      "90": 11,
      "91": 11,
      "92": 11,
      "93": 11,
      "94": 11,
      "95": 11,
      "96": 11,
      "97": 11,
      "98": 11,
      "99": 11,
      "100": 11,
      "101": 11,
      "102": 11,
      "103": 11,
      "104": 11,
      "105": 11,
      "106": 11,
      "109": 1,
      "110": 8,
      "111": 3,
      "112": 3,
      "113": 3,
      "114": 3,
      "115": 8,
      "116": 8,
      "123": 1,
      "124": 3,
      "125": 3
    },
    "branchMap": {
      "0": {
        "type": "branch",
        "line": 60,
        "loc": {
          "start": { "line": 60, "column": 7 },
          "end": { "line": 71, "column": 1 }
        },
        "locations": [
          {
            "start": { "line": 60, "column": 7 },
            "end": { "line": 71, "column": 1 }
          }
        ]
      },
      "1": {
        "type": "branch",
        "line": 64,
        "loc": {
          "start": { "line": 64, "column": 27 },
          "end": { "line": 64, "column": 39 }
        },
        "locations": [
          {
            "start": { "line": 64, "column": 27 },
            "end": { "line": 64, "column": 39 }
          }
        ]
      },
      "2": {
        "type": "branch",
        "line": 64,
        "loc": {
          "start": { "line": 64, "column": 34 },
          "end": { "line": 71, "column": 1 }
        },
        "locations": [
          {
            "start": { "line": 64, "column": 34 },
            "end": { "line": 71, "column": 1 }
          }
        ]
      },
      "3": {
        "type": "branch",
        "line": 73,
        "loc": {
          "start": { "line": 73, "column": 7 },
          "end": { "line": 85, "column": 1 }
        },
        "locations": [
          {
            "start": { "line": 73, "column": 7 },
            "end": { "line": 85, "column": 1 }
          }
        ]
      },
      "4": {
        "type": "branch",
        "line": 78,
        "loc": {
          "start": { "line": 78, "column": 9 },
          "end": { "line": 83, "column": 5 }
        },
        "locations": [
          {
            "start": { "line": 78, "column": 9 },
            "end": { "line": 83, "column": 5 }
          }
        ]
      },
      "5": {
        "type": "branch",
        "line": 80,
        "loc": {
          "start": { "line": 80, "column": 24 },
          "end": { "line": 80, "column": 54 }
        },
        "locations": [
          {
            "start": { "line": 80, "column": 24 },
            "end": { "line": 80, "column": 54 }
          }
        ]
      },
      "6": {
        "type": "branch",
        "line": 80,
        "loc": {
          "start": { "line": 80, "column": 53 },
          "end": { "line": 81, "column": 30 }
        },
        "locations": [
          {
            "start": { "line": 80, "column": 53 },
            "end": { "line": 81, "column": 30 }
          }
        ]
      },
      "7": {
        "type": "branch",
        "line": 81,
        "loc": {
          "start": { "line": 81, "column": 29 },
          "end": { "line": 82, "column": 23 }
        },
        "locations": [
          {
            "start": { "line": 81, "column": 29 },
            "end": { "line": 82, "column": 23 }
          }
        ]
      },
      "8": {
        "type": "branch",
        "line": 84,
        "loc": {
          "start": { "line": 84, "column": 10 },
          "end": { "line": 84, "column": 44 }
        },
        "locations": [
          {
            "start": { "line": 84, "column": 10 },
            "end": { "line": 84, "column": 44 }
          }
        ]
      },
      "9": {
        "type": "branch",
        "line": 87,
        "loc": {
          "start": { "line": 87, "column": 7 },
          "end": { "line": 107, "column": 1 }
        },
        "locations": [
          {
            "start": { "line": 87, "column": 7 },
            "end": { "line": 107, "column": 1 }
          }
        ]
      },
      "10": {
        "type": "branch",
        "line": 103,
        "loc": {
          "start": { "line": 103, "column": 26 },
          "end": { "line": 103, "column": 72 }
        },
        "locations": [
          {
            "start": { "line": 103, "column": 26 },
            "end": { "line": 103, "column": 72 }
          }
        ]
      },
      "11": {
        "type": "branch",
        "line": 103,
        "loc": {
          "start": { "line": 103, "column": 57 },
          "end": { "line": 103, "column": 77 }
        },
        "locations": [
          {
            "start": { "line": 103, "column": 57 },
            "end": { "line": 103, "column": 77 }
          }
        ]
      },
      "12": {
        "type": "branch",
        "line": 92,
        "loc": {
          "start": { "line": 92, "column": 29 },
          "end": { "line": 92, "column": 58 }
        },
        "locations": [
          {
            "start": { "line": 92, "column": 29 },
            "end": { "line": 92, "column": 58 }
          }
        ]
      },
      "13": {
        "type": "branch",
        "line": 93,
        "loc": {
          "start": { "line": 93, "column": 28 },
          "end": { "line": 93, "column": 44 }
        },
        "locations": [
          {
            "start": { "line": 93, "column": 28 },
            "end": { "line": 93, "column": 44 }
          }
        ]
      },
      "14": {
        "type": "branch",
        "line": 93,
        "loc": {
          "start": { "line": 93, "column": 51 },
          "end": { "line": 93, "column": 66 }
        },
        "locations": [
          {
            "start": { "line": 93, "column": 51 },
            "end": { "line": 93, "column": 66 }
          }
        ]
      },
      "15": {
        "type": "branch",
        "line": 94,
        "loc": {
          "start": { "line": 94, "column": 34 },
          "end": { "line": 94, "column": 65 }
        },
        "locations": [
          {
            "start": { "line": 94, "column": 34 },
            "end": { "line": 94, "column": 65 }
          }
        ]
      },
      "16": {
        "type": "branch",
        "line": 97,
        "loc": {
          "start": { "line": 97, "column": 21 },
          "end": { "line": 97, "column": 45 }
        },
        "locations": [
          {
            "start": { "line": 97, "column": 21 },
            "end": { "line": 97, "column": 45 }
          }
        ]
      },
      "17": {
        "type": "branch",
        "line": 98,
        "loc": {
          "start": { "line": 98, "column": 25 },
          "end": { "line": 98, "column": 53 }
        },
        "locations": [
          {
            "start": { "line": 98, "column": 25 },
            "end": { "line": 98, "column": 53 }
          }
        ]
      },
      "18": {
        "type": "branch",
        "line": 100,
        "loc": {
          "start": { "line": 100, "column": 31 },
          "end": { "line": 100, "column": 60 }
        },
        "locations": [
          {
            "start": { "line": 100, "column": 31 },
            "end": { "line": 100, "column": 60 }
          }
        ]
      },
      "19": {
        "type": "branch",
        "line": 105,
        "loc": {
          "start": { "line": 105, "column": 30 },
          "end": { "line": 105, "column": 58 }
        },
        "locations": [
          {
            "start": { "line": 105, "column": 30 },
            "end": { "line": 105, "column": 58 }
          }
        ]
      },
      "20": {
        "type": "branch",
        "line": 110,
        "loc": {
          "start": { "line": 110, "column": 7 },
          "end": { "line": 117, "column": 1 }
        },
        "locations": [
          {
            "start": { "line": 110, "column": 7 },
            "end": { "line": 117, "column": 1 }
          }
        ]
      },
      "21": {
        "type": "branch",
        "line": 111,
        "loc": {
          "start": { "line": 111, "column": 20 },
          "end": { "line": 111, "column": 53 }
        },
        "locations": [
          {
            "start": { "line": 111, "column": 20 },
            "end": { "line": 111, "column": 53 }
          }
        ]
      },
      "22": {
        "type": "branch",
        "line": 111,
        "loc": {
          "start": { "line": 111, "column": 48 },
          "end": { "line": 116, "column": 44 }
        },
        "locations": [
          {
            "start": { "line": 111, "column": 48 },
            "end": { "line": 116, "column": 44 }
          }
        ]
      },
      "23": {
        "type": "branch",
        "line": 111,
        "loc": {
          "start": { "line": 111, "column": 48 },
          "end": { "line": 116, "column": 17 }
        },
        "locations": [
          {
            "start": { "line": 111, "column": 48 },
            "end": { "line": 116, "column": 17 }
          }
        ]
      },
      "24": {
        "type": "branch",
        "line": 116,
        "loc": {
          "start": { "line": 116, "column": 13 },
          "end": { "line": 116, "column": 44 }
        },
        "locations": [
          {
            "start": { "line": 116, "column": 13 },
            "end": { "line": 116, "column": 44 }
          }
        ]
      },
      "25": {
        "type": "branch",
        "line": 116,
        "loc": {
          "start": { "line": 116, "column": 37 },
          "end": { "line": 116, "column": 62 }
        },
        "locations": [
          {
            "start": { "line": 116, "column": 37 },
            "end": { "line": 116, "column": 62 }
          }
        ]
      },
      "26": {
        "type": "branch",
        "line": 124,
        "loc": {
          "start": { "line": 124, "column": 7 },
          "end": { "line": 126, "column": 1 }
        },
        "locations": [
          {
            "start": { "line": 124, "column": 7 },
            "end": { "line": 126, "column": 1 }
          }
        ]
      },
      "27": {
        "type": "branch",
        "line": 125,
        "loc": {
          "start": { "line": 125, "column": 19 },
          "end": { "line": 125, "column": 65 }
        },
        "locations": [
          {
            "start": { "line": 125, "column": 19 },
            "end": { "line": 125, "column": 65 }
          }
        ]
      }
    },
    "b": {
      "0": [26],
      "1": [3],
      "2": [23],
      "3": [18],
      "4": [556],
      "5": [8],
      "6": [6],
      "7": [550],
      "8": [548],
      "9": [11],
      "10": [10],
      "11": [1],
      "12": [285],
      "13": [284],
      "14": [282],
      "15": [282],
      "16": [285],
      "17": [285],
      "18": [285],
      "19": [285],
      "20": [8],
      "21": [5],
      "22": [4],
      "23": [3],
      "24": [2],
      "25": [1],
      "26": [3],
      "27": [2]
    },
    "fnMap": {
      "0": {
        "name": "percentile",
        "decl": {
          "start": { "line": 60, "column": 7 },
          "end": { "line": 71, "column": 1 }
        },
        "loc": {
          "start": { "line": 60, "column": 7 },
          "end": { "line": 71, "column": 1 }
        },
        "line": 60
      },
      "1": {
        "name": "pageStats",
        "decl": {
          "start": { "line": 73, "column": 7 },
          "end": { "line": 85, "column": 1 }
        },
        "loc": {
          "start": { "line": 73, "column": 7 },
          "end": { "line": 85, "column": 1 }
        },
        "line": 73
      },
      "2": {
        "name": "summarizeRun",
        "decl": {
          "start": { "line": 87, "column": 7 },
          "end": { "line": 107, "column": 1 }
        },
        "loc": {
          "start": { "line": 87, "column": 7 },
          "end": { "line": 107, "column": 1 }
        },
        "line": 87
      },
      "3": {
        "name": "formatDuration",
        "decl": {
          "start": { "line": 110, "column": 7 },
          "end": { "line": 117, "column": 1 }
        },
        "loc": {
          "start": { "line": 110, "column": 7 },
          "end": { "line": 117, "column": 1 }
        },
        "line": 110
      },
      "4": {
        "name": "isTerminalManifest",
        "decl": {
          "start": { "line": 124, "column": 7 },
          "end": { "line": 126, "column": 1 }
        },
        "loc": {
          "start": { "line": 124, "column": 7 },
          "end": { "line": 126, "column": 1 }
        },
        "line": 124
      }
    },
    "f": { "0": 26, "1": 18, "2": 11, "3": 8, "4": 3 }
  },
  "/home/morgan/htrflow-batch/.claude/worktrees/agent-a2ff4daf17dab8885/frontend/src/lib/runlog.ts": {
    "path": "/home/morgan/htrflow-batch/.claude/worktrees/agent-a2ff4daf17dab8885/frontend/src/lib/runlog.ts",
    "all": false,
    "statementMap": {
      "16": {
        "start": { "line": 17, "column": 0 },
        "end": { "line": 17, "column": 83 }
      },
      "18": {
        "start": { "line": 19, "column": 0 },
        "end": { "line": 19, "column": 19 }
      },
      "19": {
        "start": { "line": 20, "column": 0 },
        "end": { "line": 20, "column": 95 }
      },
      "33": {
        "start": { "line": 34, "column": 0 },
        "end": { "line": 34, "column": 58 }
      },
      "34": {
        "start": { "line": 35, "column": 0 },
        "end": { "line": 35, "column": 35 }
      },
      "35": {
        "start": { "line": 36, "column": 0 },
        "end": { "line": 36, "column": 64 }
      },
      "38": {
        "start": { "line": 39, "column": 0 },
        "end": { "line": 39, "column": 30 }
      },
      "39": {
        "start": { "line": 40, "column": 0 },
        "end": { "line": 40, "column": 28 }
      },
      "40": {
        "start": { "line": 41, "column": 0 },
        "end": { "line": 41, "column": 31 }
      },
      "41": {
        "start": { "line": 42, "column": 0 },
        "end": { "line": 42, "column": 29 }
      },
      "42": {
        "start": { "line": 43, "column": 0 },
        "end": { "line": 43, "column": 47 }
      },
      "43": {
        "start": { "line": 44, "column": 0 },
        "end": { "line": 44, "column": 1 }
      },
      "52": {
        "start": { "line": 53, "column": 0 },
        "end": { "line": 53, "column": 50 }
      },
      "53": {
        "start": { "line": 54, "column": 0 },
        "end": { "line": 54, "column": 42 }
      },
      "54": {
        "start": { "line": 55, "column": 0 },
        "end": { "line": 55, "column": 28 }
      },
      "55": {
        "start": { "line": 56, "column": 0 },
        "end": { "line": 56, "column": 54 }
      },
      "56": {
        "start": { "line": 57, "column": 0 },
        "end": { "line": 57, "column": 59 }
      },
      "57": {
        "start": { "line": 58, "column": 0 },
        "end": { "line": 58, "column": 1 }
      },
      "59": {
        "start": { "line": 60, "column": 0 },
        "end": { "line": 60, "column": 57 }
      },
      "60": {
        "start": { "line": 61, "column": 0 },
        "end": { "line": 61, "column": 67 }
      },
      "61": {
        "start": { "line": 62, "column": 0 },
        "end": { "line": 62, "column": 1 }
      },
      "63": {
        "start": { "line": 64, "column": 0 },
        "end": { "line": 64, "column": 54 }
      },
      "64": {
        "start": { "line": 65, "column": 0 },
        "end": { "line": 65, "column": 44 }
      },
      "65": {
        "start": { "line": 66, "column": 0 },
        "end": { "line": 66, "column": 41 }
      },
      "68": {
        "start": { "line": 69, "column": 0 },
        "end": { "line": 69, "column": 49 }
      },
      "69": {
        "start": { "line": 70, "column": 0 },
        "end": { "line": 70, "column": 90 }
      },
      "71": {
        "start": { "line": 72, "column": 0 },
        "end": { "line": 72, "column": 32 }
      },
      "72": {
        "start": { "line": 73, "column": 0 },
        "end": { "line": 73, "column": 26 }
      },
      "73": {
        "start": { "line": 74, "column": 0 },
        "end": { "line": 74, "column": 29 }
      },
      "74": {
        "start": { "line": 75, "column": 0 },
        "end": { "line": 75, "column": 27 }
      },
      "75": {
        "start": { "line": 76, "column": 0 },
        "end": { "line": 76, "column": 55 }
      },
      "76": {
        "start": { "line": 77, "column": 0 },
        "end": { "line": 77, "column": 21 }
      },
      "77": {
        "start": { "line": 78, "column": 0 },
        "end": { "line": 78, "column": 12 }
      },
      "78": {
        "start": { "line": 79, "column": 0 },
        "end": { "line": 79, "column": 26 }
      },
      "79": {
        "start": { "line": 80, "column": 0 },
        "end": { "line": 80, "column": 48 }
      },
      "80": {
        "start": { "line": 81, "column": 0 },
        "end": { "line": 81, "column": 22 }
      },
      "81": {
        "start": { "line": 82, "column": 0 },
        "end": { "line": 82, "column": 39 }
      },
      "82": {
        "start": { "line": 83, "column": 0 },
        "end": { "line": 83, "column": 23 }
      },
      "83": {
        "start": { "line": 84, "column": 0 },
        "end": { "line": 84, "column": 44 }
      },
      "84": {
        "start": { "line": 85, "column": 0 },
        "end": { "line": 85, "column": 25 }
      },
      "85": {
        "start": { "line": 86, "column": 0 },
        "end": { "line": 86, "column": 72 }
      },
      "86": {
        "start": { "line": 87, "column": 0 },
        "end": { "line": 87, "column": 23 }
      },
      "87": {
        "start": { "line": 88, "column": 0 },
        "end": { "line": 88, "column": 27 }
      },
      "88": {
        "start": { "line": 89, "column": 0 },
        "end": { "line": 89, "column": 14 }
      },
      "89": {
        "start": { "line": 90, "column": 0 },
        "end": { "line": 90, "column": 22 }
      },
      "90": {
        "start": { "line": 91, "column": 0 },
        "end": { "line": 91, "column": 7 }
      },
      "91": {
        "start": { "line": 92, "column": 0 },
        "end": { "line": 92, "column": 5 }
      },
      "93": {
        "start": { "line": 94, "column": 0 },
        "end": { "line": 94, "column": 31 }
      },
      "94": {
        "start": { "line": 95, "column": 0 },
        "end": { "line": 95, "column": 51 }
      },
      "95": {
        "start": { "line": 96, "column": 0 },
        "end": { "line": 96, "column": 28 }
      },
      "96": {
        "start": { "line": 97, "column": 0 },
        "end": { "line": 97, "column": 12 }
      },
      "97": {
        "start": { "line": 98, "column": 0 },
        "end": { "line": 98, "column": 43 }
      },
      "98": {
        "start": { "line": 99, "column": 0 },
        "end": { "line": 99, "column": 5 }
      },
      "99": {
        "start": { "line": 100, "column": 0 },
        "end": { "line": 100, "column": 3 }
      },
      "100": {
        "start": { "line": 101, "column": 0 },
        "end": { "line": 101, "column": 20 }
      },
      "101": {
        "start": { "line": 102, "column": 0 },
        "end": { "line": 102, "column": 1 }
      },
      "105": {
        "start": { "line": 106, "column": 0 },
        "end": { "line": 106, "column": 82 }
      },
      "113": {
        "start": { "line": 114, "column": 0 },
        "end": { "line": 114, "column": 54 }
      },
      "116": {
        "start": { "line": 117, "column": 0 },
        "end": { "line": 117, "column": 55 }
      },
      "117": {
        "start": { "line": 118, "column": 0 },
        "end": { "line": 118, "column": 32 }
      },
      "118": {
        "start": { "line": 119, "column": 0 },
        "end": { "line": 119, "column": 1 }
      }
    },
    "s": {
      "16": 1,
      "18": 1,
      "19": 1,
      "33": 1,
      "34": 4,
      "35": 4,
      "38": 2,
      "39": 2,
      "40": 2,
      "41": 2,
      "42": 2,
      "43": 2,
      "52": 6,
      "53": 6,
      "54": 1,
      "55": 1,
      "56": 1,
      "57": 1,
      "59": 4,
      "60": 4,
      "61": 4,
      "63": 1,
      "64": 6,
      "65": 6,
      "68": 6,
      "69": 6,
      "71": 6,
      "72": 6,
      "73": 6,
      "74": 17,
      "75": 17,
      "76": 2,
      "77": 17,
      "78": 15,
      "79": 15,
      "80": 4,
      "81": 15,
      "82": 3,
      "83": 11,
      "84": 2,
      "85": 8,
      "86": 2,
      "87": 2,
      "88": 6,
      "89": 4,
      "90": 4,
      "91": 15,
      "93": 17,
      "94": 17,
      "95": 6,
      "96": 17,
      "97": 11,
      "98": 11,
      "99": 17,
      "100": 6,
      "101": 6,
      "105": 1,
      "113": 1,
      "116": 7,
      "117": 7,
      "118": 7
    },
    "branchMap": {
      "0": {
        "type": "branch",
        "line": 34,
        "loc": {
          "start": { "line": 34, "column": 7 },
          "end": { "line": 44, "column": 1 }
        },
        "locations": [
          {
            "start": { "line": 34, "column": 7 },
            "end": { "line": 44, "column": 1 }
          }
        ]
      },
      "1": {
        "type": "branch",
        "line": 36,
        "loc": {
          "start": { "line": 36, "column": 18 },
          "end": { "line": 44, "column": 1 }
        },
        "locations": [
          {
            "start": { "line": 36, "column": 18 },
            "end": { "line": 44, "column": 1 }
          }
        ]
      },
      "2": {
        "type": "branch",
        "line": 53,
        "loc": {
          "start": { "line": 53, "column": 0 },
          "end": { "line": 58, "column": 1 }
        },
        "locations": [
          {
            "start": { "line": 53, "column": 0 },
            "end": { "line": 58, "column": 1 }
          }
        ]
      },
      "3": {
        "type": "branch",
        "line": 54,
        "loc": {
          "start": { "line": 54, "column": 30 },
          "end": { "line": 54, "column": 42 }
        },
        "locations": [
          {
            "start": { "line": 54, "column": 30 },
            "end": { "line": 54, "column": 42 }
          }
        ]
      },
      "4": {
        "type": "branch",
        "line": 54,
        "loc": {
          "start": { "line": 54, "column": 37 },
          "end": { "line": 58, "column": 1 }
        },
        "locations": [
          {
            "start": { "line": 54, "column": 37 },
            "end": { "line": 58, "column": 1 }
          }
        ]
      },
      "5": {
        "type": "branch",
        "line": 60,
        "loc": {
          "start": { "line": 60, "column": 0 },
          "end": { "line": 62, "column": 1 }
        },
        "locations": [
          {
            "start": { "line": 60, "column": 0 },
            "end": { "line": 62, "column": 1 }
          }
        ]
      },
      "6": {
        "type": "branch",
        "line": 61,
        "loc": {
          "start": { "line": 61, "column": 24 },
          "end": { "line": 61, "column": 67 }
        },
        "locations": [
          {
            "start": { "line": 61, "column": 24 },
            "end": { "line": 61, "column": 67 }
          }
        ]
      },
      "7": {
        "type": "branch",
        "line": 64,
        "loc": {
          "start": { "line": 64, "column": 7 },
          "end": { "line": 102, "column": 1 }
        },
        "locations": [
          {
            "start": { "line": 64, "column": 7 },
            "end": { "line": 102, "column": 1 }
          }
        ]
      },
      "8": {
        "type": "branch",
        "line": 70,
        "loc": {
          "start": { "line": 70, "column": 52 },
          "end": { "line": 70, "column": 81 }
        },
        "locations": [
          {
            "start": { "line": 70, "column": 52 },
            "end": { "line": 70, "column": 81 }
          }
        ]
      },
      "9": {
        "type": "branch",
        "line": 70,
        "loc": {
          "start": { "line": 70, "column": 77 },
          "end": { "line": 70, "column": 90 }
        },
        "locations": [
          {
            "start": { "line": 70, "column": 77 },
            "end": { "line": 70, "column": 90 }
          }
        ]
      },
      "10": {
        "type": "branch",
        "line": 74,
        "loc": {
          "start": { "line": 74, "column": 28 },
          "end": { "line": 100, "column": 3 }
        },
        "locations": [
          {
            "start": { "line": 74, "column": 28 },
            "end": { "line": 100, "column": 3 }
          }
        ]
      },
      "11": {
        "type": "branch",
        "line": 76,
        "loc": {
          "start": { "line": 76, "column": 8 },
          "end": { "line": 76, "column": 54 }
        },
        "locations": [
          {
            "start": { "line": 76, "column": 8 },
            "end": { "line": 76, "column": 54 }
          }
        ]
      },
      "12": {
        "type": "branch",
        "line": 76,
        "loc": {
          "start": { "line": 76, "column": 54 },
          "end": { "line": 78, "column": 11 }
        },
        "locations": [
          {
            "start": { "line": 76, "column": 54 },
            "end": { "line": 78, "column": 11 }
          }
        ]
      },
      "13": {
        "type": "branch",
        "line": 78,
        "loc": {
          "start": { "line": 78, "column": 4 },
          "end": { "line": 92, "column": 5 }
        },
        "locations": [
          {
            "start": { "line": 78, "column": 4 },
            "end": { "line": 92, "column": 5 }
          }
        ]
      },
      "14": {
        "type": "branch",
        "line": 80,
        "loc": {
          "start": { "line": 80, "column": 47 },
          "end": { "line": 82, "column": 17 }
        },
        "locations": [
          {
            "start": { "line": 80, "column": 47 },
            "end": { "line": 82, "column": 17 }
          }
        ]
      },
      "15": {
        "type": "branch",
        "line": 82,
        "loc": {
          "start": { "line": 82, "column": 6 },
          "end": { "line": 91, "column": 7 }
        },
        "locations": [
          {
            "start": { "line": 82, "column": 6 },
            "end": { "line": 91, "column": 7 }
          }
        ]
      },
      "16": {
        "type": "branch",
        "line": 82,
        "loc": {
          "start": { "line": 82, "column": 38 },
          "end": { "line": 84, "column": 17 }
        },
        "locations": [
          {
            "start": { "line": 82, "column": 38 },
            "end": { "line": 84, "column": 17 }
          }
        ]
      },
      "17": {
        "type": "branch",
        "line": 84,
        "loc": {
          "start": { "line": 84, "column": 6 },
          "end": { "line": 91, "column": 7 }
        },
        "locations": [
          {
            "start": { "line": 84, "column": 6 },
            "end": { "line": 91, "column": 7 }
          }
        ]
      },
      "18": {
        "type": "branch",
        "line": 84,
        "loc": {
          "start": { "line": 84, "column": 43 },
          "end": { "line": 86, "column": 17 }
        },
        "locations": [
          {
            "start": { "line": 84, "column": 43 },
            "end": { "line": 86, "column": 17 }
          }
        ]
      },
      "19": {
        "type": "branch",
        "line": 86,
        "loc": {
          "start": { "line": 86, "column": 6 },
          "end": { "line": 91, "column": 7 }
        },
        "locations": [
          {
            "start": { "line": 86, "column": 6 },
            "end": { "line": 91, "column": 7 }
          }
        ]
      },
      "20": {
        "type": "branch",
        "line": 86,
        "loc": {
          "start": { "line": 86, "column": 38 },
          "end": { "line": 86, "column": 71 }
        },
        "locations": [
          {
            "start": { "line": 86, "column": 38 },
            "end": { "line": 86, "column": 71 }
          }
        ]
      },
      "21": {
        "type": "branch",
        "line": 86,
        "loc": {
          "start": { "line": 86, "column": 71 },
          "end": { "line": 89, "column": 13 }
        },
        "locations": [
          {
            "start": { "line": 86, "column": 71 },
            "end": { "line": 89, "column": 13 }
          }
        ]
      },
      "22": {
        "type": "branch",
        "line": 89,
        "loc": {
          "start": { "line": 89, "column": 6 },
          "end": { "line": 91, "column": 7 }
        },
        "locations": [
          {
            "start": { "line": 89, "column": 6 },
            "end": { "line": 91, "column": 7 }
          }
        ]
      },
      "23": {
        "type": "branch",
        "line": 95,
        "loc": {
          "start": { "line": 95, "column": 17 },
          "end": { "line": 95, "column": 50 }
        },
        "locations": [
          {
            "start": { "line": 95, "column": 17 },
            "end": { "line": 95, "column": 50 }
          }
        ]
      },
      "24": {
        "type": "branch",
        "line": 95,
        "loc": {
          "start": { "line": 95, "column": 50 },
          "end": { "line": 97, "column": 11 }
        },
        "locations": [
          {
            "start": { "line": 95, "column": 50 },
            "end": { "line": 97, "column": 11 }
          }
        ]
      },
      "25": {
[...]
          "end": { "line": 70, "column": 5 }
        },
        "locations": [
          {
            "start": { "line": 64, "column": 25 },
            "end": { "line": 70, "column": 5 }
          }
        ]
      },
      "9": {
        "type": "branch",
        "line": 67,
        "loc": {
          "start": { "line": 67, "column": 12 },
          "end": { "line": 67, "column": 30 }
        },
        "locations": [
          {
            "start": { "line": 67, "column": 12 },
            "end": { "line": 67, "column": 30 }
          }
        ]
      },
      "10": {
        "type": "branch",
        "line": 70,
        "loc": {
          "start": { "line": 70, "column": 4 },
          "end": { "line": 71, "column": 15 }
        },
        "locations": [
          {
            "start": { "line": 70, "column": 4 },
            "end": { "line": 71, "column": 15 }
          }
        ]
      },
      "11": {
        "type": "branch",
        "line": 71,
        "loc": {
          "start": { "line": 71, "column": 15 },
          "end": { "line": 71, "column": 22 }
        },
        "locations": [
          {
            "start": { "line": 71, "column": 15 },
            "end": { "line": 71, "column": 22 }
          }
        ]
      },
      "12": {
        "type": "branch",
        "line": 80,
        "loc": {
          "start": { "line": 80, "column": 33 },
          "end": { "line": 82, "column": 57 }
        },
        "locations": [
          {
            "start": { "line": 80, "column": 33 },
            "end": { "line": 82, "column": 57 }
          }
        ]
      },
      "13": {
        "type": "branch",
        "line": 82,
        "loc": {
          "start": { "line": 82, "column": 53 },
          "end": { "line": 90, "column": 39 }
        },
        "locations": [
          {
            "start": { "line": 82, "column": 53 },
            "end": { "line": 90, "column": 39 }
          }
        ]
      },
      "14": {
        "type": "branch",
        "line": 90,
        "loc": {
          "start": { "line": 90, "column": 36 },
          "end": { "line": 90, "column": 52 }
        },
        "locations": [
          {
            "start": { "line": 90, "column": 36 },
            "end": { "line": 90, "column": 52 }
          }
        ]
      },
      "15": {
        "type": "branch",
        "line": 91,
        "loc": {
          "start": { "line": 91, "column": 6 },
          "end": { "line": 103, "column": 5 }
        },
        "locations": [
          {
            "start": { "line": 91, "column": 6 },
            "end": { "line": 103, "column": 5 }
          }
        ]
      },
      "16": {
        "type": "branch",
        "line": 92,
        "loc": {
          "start": { "line": 92, "column": 37 },
          "end": { "line": 92, "column": 44 }
        },
        "locations": [
          {
            "start": { "line": 92, "column": 37 },
            "end": { "line": 92, "column": 44 }
          }
        ]
      },
      "17": {
        "type": "branch",
        "line": 93,
        "loc": {
          "start": { "line": 93, "column": 52 },
          "end": { "line": 93, "column": 65 }
        },
        "locations": [
          {
            "start": { "line": 93, "column": 52 },
            "end": { "line": 93, "column": 65 }
          }
        ]
      },
      "18": {
        "type": "branch",
        "line": 97,
        "loc": {
          "start": { "line": 97, "column": 17 },
          "end": { "line": 99, "column": 7 }
        },
        "locations": [
          {
            "start": { "line": 97, "column": 17 },
            "end": { "line": 99, "column": 7 }
          }
        ]
      },
      "19": {
        "type": "branch",
        "line": 99,
        "loc": {
          "start": { "line": 99, "column": 48 },
          "end": { "line": 102, "column": 7 }
        },
        "locations": [
          {
            "start": { "line": 99, "column": 48 },
            "end": { "line": 102, "column": 7 }
          }
        ]
      },
      "20": {
        "type": "branch",
        "line": 111,
        "loc": {
          "start": { "line": 111, "column": 2 },
          "end": { "line": 132, "column": 3 }
        },
        "locations": [
          {
            "start": { "line": 111, "column": 2 },
            "end": { "line": 132, "column": 3 }
          }
        ]
      },
      "21": {
        "type": "branch",
        "line": 112,
        "loc": {
          "start": { "line": 112, "column": 36 },
          "end": { "line": 113, "column": 27 }
        },
        "locations": [
          {
            "start": { "line": 112, "column": 36 },
            "end": { "line": 113, "column": 27 }
          }
        ]
      },
      "22": {
        "type": "branch",
        "line": 119,
        "loc": {
          "start": { "line": 119, "column": 33 },
          "end": { "line": 127, "column": 7 }
        },
        "locations": [
          {
            "start": { "line": 119, "column": 33 },
            "end": { "line": 127, "column": 7 }
          }
        ]
      },
      "23": {
        "type": "branch",
        "line": 128,
        "loc": {
          "start": { "line": 128, "column": 6 },
          "end": { "line": 131, "column": 5 }
        },
        "locations": [
          {
            "start": { "line": 128, "column": 6 },
            "end": { "line": 131, "column": 5 }
          }
        ]
      },
      "24": {
        "type": "branch",
        "line": 134,
        "loc": {
          "start": { "line": 134, "column": 9 },
          "end": { "line": 141, "column": 3 }
        },
        "locations": [
          {
            "start": { "line": 134, "column": 9 },
            "end": { "line": 141, "column": 3 }
          }
        ]
      },
      "25": {
        "type": "branch",
        "line": 137,
        "loc": {
          "start": { "line": 137, "column": 10 },
          "end": { "line": 140, "column": 5 }
        },
        "locations": [
          {
            "start": { "line": 137, "column": 10 },
            "end": { "line": 140, "column": 5 }
          }
        ]
      },
      "26": {
        "type": "branch",
        "line": 138,
        "loc": {
          "start": { "line": 138, "column": 17 },
          "end": { "line": 138, "column": 24 }
        },
        "locations": [
          {
            "start": { "line": 138, "column": 17 },
            "end": { "line": 138, "column": 24 }
          }
        ]
      },
      "27": {
        "type": "branch",
        "line": 139,
        "loc": {
          "start": { "line": 139, "column": 22 },
          "end": { "line": 139, "column": 29 }
        },
        "locations": [
          {
            "start": { "line": 139, "column": 22 },
            "end": { "line": 139, "column": 29 }
          }
        ]
      },
      "28": {
        "type": "branch",
        "line": 143,
        "loc": {
          "start": { "line": 143, "column": 9 },
          "end": { "line": 150, "column": 3 }
        },
        "locations": [
          {
            "start": { "line": 143, "column": 9 },
            "end": { "line": 150, "column": 3 }
          }
        ]
      },
      "29": {
        "type": "branch",
        "line": 144,
        "loc": {
          "start": { "line": 144, "column": 15 },
          "end": { "line": 144, "column": 22 }
        },
        "locations": [
          {
            "start": { "line": 144, "column": 15 },
            "end": { "line": 144, "column": 22 }
          }
        ]
      },
      "30": {
        "type": "branch",
        "line": 144,
        "loc": {
          "start": { "line": 144, "column": 21 },
          "end": { "line": 150, "column": 3 }
        },
        "locations": [
          {
            "start": { "line": 144, "column": 21 },
            "end": { "line": 150, "column": 3 }
          }
        ]
      },
      "31": {
        "type": "branch",
        "line": 145,
        "loc": {
          "start": { "line": 145, "column": 36 },
          "end": { "line": 148, "column": 5 }
        },
        "locations": [
          {
            "start": { "line": 145, "column": 36 },
            "end": { "line": 148, "column": 5 }
          }
        ]
      },
      "32": {
        "type": "branch",
        "line": 149,
        "loc": {
          "start": { "line": 149, "column": 10 },
          "end": { "line": 149, "column": 38 }
        },
        "locations": [
          {
            "start": { "line": 149, "column": 10 },
            "end": { "line": 149, "column": 38 }
          }
        ]
      },
      "33": {
        "type": "branch",
        "line": 152,
        "loc": {
          "start": { "line": 152, "column": 9 },
          "end": { "line": 160, "column": 3 }
        },
        "locations": [
          {
            "start": { "line": 152, "column": 9 },
            "end": { "line": 160, "column": 3 }
          }
        ]
      },
      "34": {
        "type": "branch",
        "line": 155,
        "loc": {
          "start": { "line": 155, "column": 12 },
          "end": { "line": 155, "column": 33 }
        },
        "locations": [
          {
            "start": { "line": 155, "column": 12 },
            "end": { "line": 155, "column": 33 }
          }
        ]
      },
      "35": {
        "type": "branch",
        "line": 155,
        "loc": {
          "start": { "line": 155, "column": 29 },
          "end": { "line": 155, "column": 40 }
        },
        "locations": [
          {
            "start": { "line": 155, "column": 29 },
            "end": { "line": 155, "column": 40 }
          }
        ]
      },
      "36": {
        "type": "branch",
        "line": 155,
        "loc": {
          "start": { "line": 155, "column": 42 },
          "end": { "line": 159, "column": 5 }
        },
        "locations": [
          {
            "start": { "line": 155, "column": 42 },
            "end": { "line": 159, "column": 5 }
          }
        ]
      },
      "37": {
        "type": "branch",
        "line": 156,
        "loc": {
          "start": { "line": 156, "column": 27 },
          "end": { "line": 157, "column": 55 }
        },
        "locations": [
          {
            "start": { "line": 156, "column": 27 },
            "end": { "line": 157, "column": 55 }
          }
        ]
      },
      "38": {
        "type": "branch",
        "line": 162,
        "loc": {
          "start": { "line": 162, "column": 14 },
          "end": { "line": 163, "column": 50 }
        },
        "locations": [
          {
            "start": { "line": 162, "column": 14 },
            "end": { "line": 163, "column": 50 }
          }
        ]
      },
      "39": {
        "type": "branch",
        "line": 163,
        "loc": {
          "start": { "line": 163, "column": 20 },
          "end": { "line": 163, "column": 46 }
        },
        "locations": [
          {
            "start": { "line": 163, "column": 20 },
            "end": { "line": 163, "column": 46 }
          }
        ]
      },
      "40": {
        "type": "branch",
        "line": 193,
        "loc": {
          "start": { "line": 193, "column": 35 },
          "end": { "line": 193, "column": 36 }
        },
        "locations": [
          {
            "start": { "line": 193, "column": 35 },
            "end": { "line": 193, "column": 36 }
          }
        ]
      },
      "41": {
        "type": "branch",
        "line": 191,
        "loc": {
          "start": { "line": 191, "column": 19 },
          "end": { "line": 200, "column": 39 }
        },
        "locations": [
          {
            "start": { "line": 191, "column": 19 },
            "end": { "line": 200, "column": 39 }
          }
        ]
      },
      "42": {
        "type": "branch",
        "line": 200,
        "loc": {
          "start": { "line": 200, "column": 38 },
          "end": { "line": 200, "column": 39 }
        },
        "locations": [
          {
            "start": { "line": 200, "column": 38 },
            "end": { "line": 200, "column": 39 }
          }
        ]
      },
      "43": {
        "type": "branch",
        "line": 190,
        "loc": {
          "start": { "line": 190, "column": 9 },
          "end": { "line": 190, "column": 70 }
        },
        "locations": [
          {
            "start": { "line": 190, "column": 9 },
            "end": { "line": 190, "column": 70 }
          }
        ]
      },
      "44": {
        "type": "branch",
        "line": 187,
        "loc": {
          "start": { "line": 187, "column": 22 },
          "end": { "line": 187, "column": 23 }
        },
        "locations": [
          {
            "start": { "line": 187, "column": 22 },
            "end": { "line": 187, "column": 23 }
          }
        ]
      },
      "45": {
        "type": "branch",
        "line": 210,
        "loc": {
          "start": { "line": 210, "column": 9 },
          "end": { "line": 210, "column": 75 }
        },
        "locations": [
          {
            "start": { "line": 210, "column": 9 },
            "end": { "line": 210, "column": 75 }
          }
        ]
      },
      "46": {
        "type": "branch",
        "line": 209,
        "loc": {
          "start": { "line": 209, "column": 26 },
          "end": { "line": 209, "column": 27 }
        },
        "locations": [
          {
            "start": { "line": 209, "column": 26 },
            "end": { "line": 209, "column": 27 }
          }
        ]
      },
      "47": {
        "type": "branch",
        "line": 212,
        "loc": {
          "start": { "line": 212, "column": 7 },
          "end": { "line": 212, "column": 21 }
        },
        "locations": [
          {
            "start": { "line": 212, "column": 7 },
            "end": { "line": 212, "column": 21 }
          }
        ]
      },
      "48": {
        "type": "branch",
        "line": 216,
        "loc": {
          "start": { "line": 216, "column": 24 },
          "end": { "line": 216, "column": 25 }
        },
        "locations": [
          {
            "start": { "line": 216, "column": 24 },
            "end": { "line": 216, "column": 25 }
          }
        ]
      },
      "49": {
        "type": "branch",
        "line": 229,
        "loc": {
          "start": { "line": 229, "column": 54 },
          "end": { "line": 229, "column": 67 }
        },
        "locations": [
          {
            "start": { "line": 229, "column": 54 },
            "end": { "line": 229, "column": 67 }
          }
        ]
      },
      "50": {
        "type": "branch",
        "line": 229,
        "loc": {
          "start": { "line": 229, "column": 62 },
          "end": { "line": 229, "column": 67 }
        },
        "locations": [
          {
            "start": { "line": 229, "column": 62 },
            "end": { "line": 229, "column": 67 }
          }
        ]
      },
      "51": {
        "type": "branch",
        "line": 228,
        "loc": {
          "start": { "line": 228, "column": 26 },
          "end": { "line": 232, "column": 41 }
        },
        "locations": [
          {
            "start": { "line": 228, "column": 26 },
            "end": { "line": 232, "column": 41 }
          }
        ]
      },
      "52": {
        "type": "branch",
        "line": 230,
        "loc": {
          "start": { "line": 230, "column": 29 },
          "end": { "line": 232, "column": 41 }
        },
        "locations": [
          {
            "start": { "line": 230, "column": 29 },
            "end": { "line": 232, "column": 41 }
          }
        ]
      },
      "53": {
        "type": "branch",
        "line": 183,
        "loc": {
          "start": { "line": 183, "column": 20 },
          "end": { "line": 183, "column": 74 }
        },
        "locations": [
          {
            "start": { "line": 183, "column": 20 },
            "end": { "line": 183, "column": 74 }
          }
        ]
      },
      "54": {
        "type": "branch",
        "line": 183,
        "loc": {
          "start": { "line": 183, "column": 37 },
          "end": { "line": 183, "column": 66 }
        },
        "locations": [
          {
            "start": { "line": 183, "column": 37 },
            "end": { "line": 183, "column": 66 }
          }
        ]
      }
    },
    "b": {
      "0": [2],
      "1": [8],
      "2": [0],
      "3": [4],
      "4": [2],
      "5": [1],
      "6": [3],
      "7": [21],
      "8": [1],
      "9": [0],
      "10": [20],
      "11": [19],
      "12": [20],
      "13": [0],
      "14": [0],
      "15": [20],
      "16": [0],
      "17": [0],
      "18": [0],
      "19": [1],
      "20": [21],
      "21": [0],
      "22": [0],
      "23": [0],
      "24": [2],
      "25": [2],
      "26": [1],
      "27": [0],
      "28": [3],
      "29": [2],
      "30": [1],
      "31": [19],
      "32": [1],
      "33": [3],
      "34": [1],
      "35": [1],
      "36": [1],
      "37": [1],
      "38": [2],
      "39": [0],
      "40": [0],
      "41": [1],
      "42": [0],
      "43": [2],
      "44": [1],
      "45": [1],
      "46": [1],
      "47": [2],
      "48": [0],
      "49": [2],
      "50": [0],
      "51": [2],
      "52": [0],
      "53": [2],
      "54": [0]
    },
    "fnMap": {
      "0": {
        "name": "_page",
        "decl": {
          "start": { "line": 1, "column": 0 },
          "end": { "line": 173, "column": 9 }
        },
        "loc": {
          "start": { "line": 1, "column": 0 },
          "end": { "line": 173, "column": 9 }
        },
        "line": 1
      },
      "1": {
        "name": "queryParam",
        "decl": {
          "start": { "line": 25, "column": 2 },
          "end": { "line": 28, "column": 3 }
        },
        "loc": {
          "start": { "line": 25, "column": 2 },
          "end": { "line": 28, "column": 3 }
        },
        "line": 25
      },
      "2": {
        "name": "httpParam",
        "decl": {
          "start": { "line": 33, "column": 2 },
          "end": { "line": 36, "column": 3 }
        },
        "loc": {
          "start": { "line": 33, "column": 2 },
          "end": { "line": 36, "column": 3 }
        },
        "line": 33
      },
      "3": {
        "name": "loadLog",
        "decl": {
          "start": { "line": 63, "column": 2 },
          "end": { "line": 104, "column": 3 }
        },
        "loc": {
          "start": { "line": 63, "column": 2 },
          "end": { "line": 104, "column": 3 }
        },
        "line": 63
      },
      "4": {
        "name": "onScroll",
        "decl": {
          "start": { "line": 106, "column": 2 },
          "end": { "line": 109, "column": 3 }
        },
        "loc": {
          "start": { "line": 106, "column": 2 },
          "end": { "line": 109, "column": 3 }
        },
        "line": 106
      },
      "5": {
        "name": "loadManifest",
        "decl": {
          "start": { "line": 111, "column": 2 },
          "end": { "line": 132, "column": 3 }
        },
        "loc": {
          "start": { "line": 111, "column": 2 },
          "end": { "line": 132, "column": 3 }
        },
        "line": 111
      },
      "6": {
        "name": "levelClass",
        "decl": {
          "start": { "line": 168, "column": 2 },
          "end": { "line": 172, "column": 3 }
        },
        "loc": {
          "start": { "line": 168, "column": 2 },
          "end": { "line": 172, "column": 3 }
        },
        "line": 168
      },
      "7": {
        "name": "__vite_ssr_import_1__.add_svelte_meta.componentTag",
        "decl": {
          "start": { "line": 212, "column": 7 },
          "end": { "line": 212, "column": 21 }
        },
        "loc": {
          "start": { "line": 212, "column": 7 },
          "end": { "line": 212, "column": 21 }
        },
        "line": 212
      }
    },
    "f": { "0": 2, "1": 8, "2": 4, "3": 21, "4": 0, "5": 21, "6": 0, "7": 2 }
  }
}
